

*******************************************************************************
Wed Sep 18 14:33:31 2024


FIT:    data read from "output" u 1:2
        format = x:z
        #datapoints = 11
        residuals are weighted equally (unit weight)

function used for fitting: m(x)
	m(x)=x<Tc? (1-(x/Tc))**beta:0.0
fitted parameters initialized with current variable values

iter      chisq       delta/lim  lambda   Tc            beta         
   0 8.2385097956e-02   0.00e+00  4.34e-01    6.500000e+01   4.000000e-01
   4 3.0648729449e-03  -2.87e-01  4.34e-05    7.039448e+01   3.342719e-01

After 4 iterations the fit converged.
final sum of squares of residuals : 0.00306487
rel. change during last iteration : -2.87337e-06

degrees of freedom    (FIT_NDF)                        : 9
rms of residuals      (FIT_STDFIT) = sqrt(WSSR/ndf)    : 0.0184538
variance of residuals (reduced chisquare) = WSSR/ndf   : 0.000340541

Final set of parameters            Asymptotic Standard Error
=======================            ==========================
Tc              = 70.3945          +/- 0.1633       (0.232%)
beta            = 0.334272         +/- 0.01285      (3.844%)

correlation matrix of the fit parameters:
                Tc     beta   
Tc              1.000 
beta            0.605  1.000 


*******************************************************************************
Wed Sep 18 14:39:23 2024


FIT:    data read from "output" u 1:2
        format = x:z
        #datapoints = 11
        residuals are weighted equally (unit weight)

function used for fitting: m(x)
	m(x)=x<Tc? (1-(x/Tc))**beta:0.0
fitted parameters initialized with current variable values

iter      chisq       delta/lim  lambda   Tc            beta         
   0 8.2385097956e-02   0.00e+00  4.34e-01    6.500000e+01   4.000000e-01
   4 3.0648729449e-03  -2.87e-01  4.34e-05    7.039448e+01   3.342719e-01

After 4 iterations the fit converged.
final sum of squares of residuals : 0.00306487
rel. change during last iteration : -2.87337e-06

degrees of freedom    (FIT_NDF)                        : 9
rms of residuals      (FIT_STDFIT) = sqrt(WSSR/ndf)    : 0.0184538
variance of residuals (reduced chisquare) = WSSR/ndf   : 0.000340541

Final set of parameters            Asymptotic Standard Error
=======================            ==========================
Tc              = 70.3945          +/- 0.1633       (0.232%)
beta            = 0.334272         +/- 0.01285      (3.844%)

correlation matrix of the fit parameters:
                Tc     beta   
Tc              1.000 
beta            0.605  1.000 


*******************************************************************************
Wed Sep 18 14:48:18 2024


FIT:    data read from "output" u 1:2
        format = x:z
        #datapoints = 101
        residuals are weighted equally (unit weight)

function used for fitting: m(x)
	m(x)=x<Tc? (1-(x/Tc))**beta:0.0
fitted parameters initialized with current variable values

iter      chisq       delta/lim  lambda   Tc            beta         
   0 1.1503238637e+00   0.00e+00  4.47e+00    6.500000e+01   4.000000e-01
  10 1.1699403230e-01   0.00e+00  4.47e+06    7.011636e+01   3.379554e-01

After 10 iterations the fit converged.
final sum of squares of residuals : 0.116994
rel. change during last iteration : 0

degrees of freedom    (FIT_NDF)                        : 99
rms of residuals      (FIT_STDFIT) = sqrt(WSSR/ndf)    : 0.0343767
variance of residuals (reduced chisquare) = WSSR/ndf   : 0.00118176

Final set of parameters            Asymptotic Standard Error
=======================            ==========================
Tc              = 70.1164          +/- 0.1237       (0.1764%)
beta            = 0.337955         +/- 0.006911     (2.045%)

correlation matrix of the fit parameters:
                Tc     beta   
Tc              1.000 
beta            0.415  1.000 


*******************************************************************************
Wed Sep 18 14:59:10 2024


FIT:    data read from "output" u 1:2
        format = x:z
        #datapoints = 101
        residuals are weighted equally (unit weight)

function used for fitting: m(x)
	m(x)=x<Tc? (1-(x/Tc))**beta:0.0
fitted parameters initialized with current variable values

iter      chisq       delta/lim  lambda   Tc            beta         
   0 1.1503238637e+00   0.00e+00  4.47e+00    6.500000e+01   4.000000e-01
  10 1.1699403230e-01   0.00e+00  4.47e+06    7.011636e+01   3.379554e-01

After 10 iterations the fit converged.
final sum of squares of residuals : 0.116994
rel. change during last iteration : 0

degrees of freedom    (FIT_NDF)                        : 99
rms of residuals      (FIT_STDFIT) = sqrt(WSSR/ndf)    : 0.0343767
variance of residuals (reduced chisquare) = WSSR/ndf   : 0.00118176

Final set of parameters            Asymptotic Standard Error
=======================            ==========================
Tc              = 70.1164          +/- 0.1237       (0.1764%)
beta            = 0.337955         +/- 0.006911     (2.045%)

correlation matrix of the fit parameters:
                Tc     beta   
Tc              1.000 
beta            0.415  1.000 


*******************************************************************************
Wed Oct  2 15:14:57 2024


FIT:    data read from "output" u 1:2
        format = x:z
        #datapoints = 26
        residuals are weighted equally (unit weight)

function used for fitting: m(x)
	m(x)=x<Tc? (1-(x/Tc))**beta:0.0
fitted parameters initialized with current variable values

iter      chisq       delta/lim  lambda   Tc            beta         
   0 7.9717625678e-02   0.00e+00  8.75e+00    7.000000e+01   4.000000e-01
   6 4.1337945022e-02  -1.68e-11  8.75e+04    7.041790e+01   4.885014e-01

After 6 iterations the fit converged.
final sum of squares of residuals : 0.0413379
rel. change during last iteration : -1.67858e-16

degrees of freedom    (FIT_NDF)                        : 24
rms of residuals      (FIT_STDFIT) = sqrt(WSSR/ndf)    : 0.041502
variance of residuals (reduced chisquare) = WSSR/ndf   : 0.00172241

Final set of parameters            Asymptotic Standard Error
=======================            ==========================
Tc              = 70.4179          +/- 0.4983       (0.7077%)
beta            = 0.488501         +/- 0.02541      (5.203%)

correlation matrix of the fit parameters:
                Tc     beta   
Tc              1.000 
beta            0.518  1.000 


*******************************************************************************
Wed Oct  2 15:27:50 2024


FIT:    data read from "output" u 1:2
        format = x:z
        #datapoints = 26
        residuals are weighted equally (unit weight)

function used for fitting: m(x)
	m(x)=x<Tc? (1-(x/Tc))**beta:0.0
fitted parameters initialized with current variable values

iter      chisq       delta/lim  lambda   Tc            beta         
   0 7.4375149048e-02   0.00e+00  8.75e+00    7.000000e+01   4.000000e-01
   6 2.8337751876e-02  -1.14e-03  8.75e+00    7.069765e+01   4.966059e-01

After 6 iterations the fit converged.
final sum of squares of residuals : 0.0283378
rel. change during last iteration : -1.14499e-08

degrees of freedom    (FIT_NDF)                        : 24
rms of residuals      (FIT_STDFIT) = sqrt(WSSR/ndf)    : 0.0343619
variance of residuals (reduced chisquare) = WSSR/ndf   : 0.00118074

Final set of parameters            Asymptotic Standard Error
=======================            ==========================
Tc              = 70.6976          +/- 0.5612       (0.7938%)
beta            = 0.496606         +/- 0.02279      (4.59%)

correlation matrix of the fit parameters:
                Tc     beta   
Tc              1.000 
beta            0.607  1.000 


*******************************************************************************
Wed Oct  2 15:39:59 2024


FIT:    data read from "output" u 1:2
        format = x:z
        #datapoints = 26
        residuals are weighted equally (unit weight)

function used for fitting: m(x)
	m(x)=x<Tc? (1-(x/Tc))**beta:0.0
fitted parameters initialized with current variable values

iter      chisq       delta/lim  lambda   Tc            beta         
   0 6.2295397471e-02   0.00e+00  8.75e+00    7.000000e+01   4.000000e-01
  12 2.4003920123e-02  -9.79e-01  8.75e+00    7.004526e+01   4.959444e-01

After 12 iterations the fit converged.
final sum of squares of residuals : 0.0240039
rel. change during last iteration : -9.78726e-06

degrees of freedom    (FIT_NDF)                        : 24
rms of residuals      (FIT_STDFIT) = sqrt(WSSR/ndf)    : 0.0316254
variance of residuals (reduced chisquare) = WSSR/ndf   : 0.00100016

Final set of parameters            Asymptotic Standard Error
=======================            ==========================
Tc              = 70.0453          +/- 0.1462       (0.2087%)
beta            = 0.495944         +/- 0.01756      (3.541%)

correlation matrix of the fit parameters:
                Tc     beta   
Tc              1.000 
beta            0.245  1.000 


*******************************************************************************
Wed Oct  2 15:42:24 2024


FIT:    data read from "output" u 1:2
        format = x:z
        #datapoints = 26
        residuals are weighted equally (unit weight)

function used for fitting: m(x)
	m(x)=x<Tc? (1-(x/Tc))**beta:0.0
fitted parameters initialized with current variable values

iter      chisq       delta/lim  lambda   Tc            beta         
   0 6.2295397471e-02   0.00e+00  8.75e+00    7.000000e+01   4.000000e-01
  12 2.4003920123e-02  -9.79e-01  8.75e+00    7.004526e+01   4.959444e-01

After 12 iterations the fit converged.
final sum of squares of residuals : 0.0240039
rel. change during last iteration : -9.78726e-06

degrees of freedom    (FIT_NDF)                        : 24
rms of residuals      (FIT_STDFIT) = sqrt(WSSR/ndf)    : 0.0316254
variance of residuals (reduced chisquare) = WSSR/ndf   : 0.00100016

Final set of parameters            Asymptotic Standard Error
=======================            ==========================
Tc              = 70.0453          +/- 0.1462       (0.2087%)
beta            = 0.495944         +/- 0.01756      (3.541%)

correlation matrix of the fit parameters:
                Tc     beta   
Tc              1.000 
beta            0.245  1.000 


*******************************************************************************
Wed Oct  2 15:42:56 2024


FIT:    data read from "output" u 1:2
        format = x:z
        #datapoints = 26
        residuals are weighted equally (unit weight)

function used for fitting: m(x)
	m(x)=x<Tc? (1-(x/Tc))**beta:0.0
fitted parameters initialized with current variable values

iter      chisq       delta/lim  lambda   Tc            beta         
   0 6.2295397471e-02   0.00e+00  8.75e+00    7.000000e+01   4.000000e-01
  12 2.4003920123e-02  -9.79e-01  8.75e+00    7.004526e+01   4.959444e-01

After 12 iterations the fit converged.
final sum of squares of residuals : 0.0240039
rel. change during last iteration : -9.78726e-06

degrees of freedom    (FIT_NDF)                        : 24
rms of residuals      (FIT_STDFIT) = sqrt(WSSR/ndf)    : 0.0316254
variance of residuals (reduced chisquare) = WSSR/ndf   : 0.00100016

Final set of parameters            Asymptotic Standard Error
=======================            ==========================
Tc              = 70.0453          +/- 0.1462       (0.2087%)
beta            = 0.495944         +/- 0.01756      (3.541%)

correlation matrix of the fit parameters:
                Tc     beta   
Tc              1.000 
beta            0.245  1.000 


*******************************************************************************
<<<<<<< HEAD
Sat Oct 12 00:08:47 2024
=======
Tue Nov 26 16:23:20 2024
>>>>>>> 91b39641e676d8e698b4f2483b44d43fb4214d59


FIT:    data read from "output" u 1:2
        format = x:z
        #datapoints = 26
        residuals are weighted equally (unit weight)

function used for fitting: m(x)
	m(x)=x<Tc? (1-(x/Tc))**beta:0.0
fitted parameters initialized with current variable values

iter      chisq       delta/lim  lambda   Tc            beta         
<<<<<<< HEAD
   0 9.2354700385e-02   0.00e+00  8.75e+00    7.000000e+01   4.000000e-01
  21 7.9341143264e-03  -3.39e-01  8.75e-05    6.361853e+01   3.753647e-01

After 21 iterations the fit converged.
final sum of squares of residuals : 0.00793411
rel. change during last iteration : -3.39481e-06

degrees of freedom    (FIT_NDF)                        : 24
rms of residuals      (FIT_STDFIT) = sqrt(WSSR/ndf)    : 0.0181821
variance of residuals (reduced chisquare) = WSSR/ndf   : 0.000330588

Final set of parameters            Asymptotic Standard Error
=======================            ==========================
Tc              = 63.6185          +/- 0.9093       (1.429%)
beta            = 0.375365         +/- 0.01769      (4.714%)
=======
   0 6.2295397471e-02   0.00e+00  8.75e+00    7.000000e+01   4.000000e-01
  12 2.4003920123e-02  -9.79e-01  8.75e+00    7.004526e+01   4.959444e-01

After 12 iterations the fit converged.
final sum of squares of residuals : 0.0240039
rel. change during last iteration : -9.78726e-06

degrees of freedom    (FIT_NDF)                        : 24
rms of residuals      (FIT_STDFIT) = sqrt(WSSR/ndf)    : 0.0316254
variance of residuals (reduced chisquare) = WSSR/ndf   : 0.00100016

Final set of parameters            Asymptotic Standard Error
=======================            ==========================
Tc              = 70.0453          +/- 0.1462       (0.2087%)
beta            = 0.495944         +/- 0.01756      (3.541%)
>>>>>>> 91b39641e676d8e698b4f2483b44d43fb4214d59

correlation matrix of the fit parameters:
                Tc     beta   
Tc              1.000 
<<<<<<< HEAD
beta            0.879  1.000 


*******************************************************************************
Sat Oct 12 13:01:20 2024
=======
beta            0.245  1.000 


*******************************************************************************
Tue Nov 26 16:34:05 2024
>>>>>>> 91b39641e676d8e698b4f2483b44d43fb4214d59


FIT:    data read from "output" u 1:2
        format = x:z
        #datapoints = 26
        residuals are weighted equally (unit weight)

function used for fitting: m(x)
	m(x)=x<Tc? (1-(x/Tc))**beta:0.0
fitted parameters initialized with current variable values

iter      chisq       delta/lim  lambda   Tc            beta         
<<<<<<< HEAD
   0 9.2354700385e-02   0.00e+00  8.75e+00    7.000000e+01   4.000000e-01
  21 7.9341143264e-03  -3.39e-01  8.75e-05    6.361853e+01   3.753647e-01

After 21 iterations the fit converged.
final sum of squares of residuals : 0.00793411
rel. change during last iteration : -3.39481e-06

degrees of freedom    (FIT_NDF)                        : 24
rms of residuals      (FIT_STDFIT) = sqrt(WSSR/ndf)    : 0.0181821
variance of residuals (reduced chisquare) = WSSR/ndf   : 0.000330588

Final set of parameters            Asymptotic Standard Error
=======================            ==========================
Tc              = 63.6185          +/- 0.9093       (1.429%)
beta            = 0.375365         +/- 0.01769      (4.714%)
=======
   0 1.1823479324e-01   0.00e+00  8.75e+00    7.000000e+01   4.000000e-01
  13 4.8349889211e-02  -9.81e-01  8.75e+00    7.002920e+01   5.327948e-01

After 13 iterations the fit converged.
final sum of squares of residuals : 0.0483499
rel. change during last iteration : -9.80802e-06

degrees of freedom    (FIT_NDF)                        : 24
rms of residuals      (FIT_STDFIT) = sqrt(WSSR/ndf)    : 0.0448841
variance of residuals (reduced chisquare) = WSSR/ndf   : 0.00201458

Final set of parameters            Asymptotic Standard Error
=======================            ==========================
Tc              = 70.0292          +/- 0.2187       (0.3124%)
beta            = 0.532795         +/- 0.02615      (4.907%)
>>>>>>> 91b39641e676d8e698b4f2483b44d43fb4214d59

correlation matrix of the fit parameters:
                Tc     beta   
Tc              1.000 
<<<<<<< HEAD
beta            0.879  1.000 


*******************************************************************************
Fri Nov  1 11:50:58 2024
=======
beta            0.220  1.000 


*******************************************************************************
Tue Nov 26 16:34:57 2024
>>>>>>> 91b39641e676d8e698b4f2483b44d43fb4214d59


FIT:    data read from "output" u 1:2
        format = x:z
<<<<<<< HEAD
        #datapoints = 16
=======
        #datapoints = 26
>>>>>>> 91b39641e676d8e698b4f2483b44d43fb4214d59
        residuals are weighted equally (unit weight)

function used for fitting: m(x)
	m(x)=x<Tc? (1-(x/Tc))**beta:0.0
fitted parameters initialized with current variable values

iter      chisq       delta/lim  lambda   Tc            beta         
<<<<<<< HEAD
   0 9.1914143256e-02   0.00e+00  1.12e+01    7.000000e+01   4.000000e-01
  21 7.4935573557e-03  -2.18e-02  1.12e-05    6.361823e+01   3.753599e-01

After 21 iterations the fit converged.
final sum of squares of residuals : 0.00749356
rel. change during last iteration : -2.17863e-07

degrees of freedom    (FIT_NDF)                        : 14
rms of residuals      (FIT_STDFIT) = sqrt(WSSR/ndf)    : 0.0231356
variance of residuals (reduced chisquare) = WSSR/ndf   : 0.000535254

Final set of parameters            Asymptotic Standard Error
=======================            ==========================
Tc              = 63.6182          +/- 1.157        (1.819%)
beta            = 0.37536          +/- 0.02251      (5.998%)
=======
   0 2.0997464219e-01   0.00e+00  1.32e+01    7.000000e+01   3.400000e-01
   6 4.8349589626e-02  -9.16e-01  1.32e+01    7.003140e+01   5.324436e-01

After 6 iterations the fit converged.
final sum of squares of residuals : 0.0483496
rel. change during last iteration : -9.1637e-06

degrees of freedom    (FIT_NDF)                        : 24
rms of residuals      (FIT_STDFIT) = sqrt(WSSR/ndf)    : 0.0448839
variance of residuals (reduced chisquare) = WSSR/ndf   : 0.00201457

Final set of parameters            Asymptotic Standard Error
=======================            ==========================
Tc              = 70.0314          +/- 0.2226       (0.3178%)
beta            = 0.532444         +/- 0.02616      (4.913%)
>>>>>>> 91b39641e676d8e698b4f2483b44d43fb4214d59

correlation matrix of the fit parameters:
                Tc     beta   
Tc              1.000 
<<<<<<< HEAD
beta            0.879  1.000 


*******************************************************************************
Fri Nov  1 11:51:53 2024
=======
beta            0.225  1.000 


*******************************************************************************
Tue Nov 26 16:44:24 2024
>>>>>>> 91b39641e676d8e698b4f2483b44d43fb4214d59


FIT:    data read from "output" u 1:2
        format = x:z
<<<<<<< HEAD
        #datapoints = 16
=======
        #datapoints = 24
>>>>>>> 91b39641e676d8e698b4f2483b44d43fb4214d59
        residuals are weighted equally (unit weight)

function used for fitting: m(x)
	m(x)=x<Tc? (1-(x/Tc))**beta:0.0
fitted parameters initialized with current variable values

iter      chisq       delta/lim  lambda   Tc            beta         
<<<<<<< HEAD
   0 9.1914143256e-02   0.00e+00  1.12e+01    7.000000e+01   4.000000e-01
  21 7.4935573557e-03  -2.18e-02  1.12e-05    6.361823e+01   3.753599e-01

After 21 iterations the fit converged.
final sum of squares of residuals : 0.00749356
rel. change during last iteration : -2.17863e-07

degrees of freedom    (FIT_NDF)                        : 14
rms of residuals      (FIT_STDFIT) = sqrt(WSSR/ndf)    : 0.0231356
variance of residuals (reduced chisquare) = WSSR/ndf   : 0.000535254

Final set of parameters            Asymptotic Standard Error
=======================            ==========================
Tc              = 63.6182          +/- 1.157        (1.819%)
beta            = 0.37536          +/- 0.02251      (5.998%)
=======
   0 1.9835451761e-01   0.00e+00  1.38e+01    7.000000e+01   3.400000e-01
  22 4.2925374698e-02  -9.83e-01  1.38e+01    7.001569e+01   5.287941e-01

After 22 iterations the fit converged.
final sum of squares of residuals : 0.0429254
rel. change during last iteration : -9.82517e-06

degrees of freedom    (FIT_NDF)                        : 22
rms of residuals      (FIT_STDFIT) = sqrt(WSSR/ndf)    : 0.0441719
variance of residuals (reduced chisquare) = WSSR/ndf   : 0.00195115

Final set of parameters            Asymptotic Standard Error
=======================            ==========================
Tc              = 70.0157          +/- 0.1824       (0.2605%)
beta            = 0.528794         +/- 0.02542      (4.807%)
>>>>>>> 91b39641e676d8e698b4f2483b44d43fb4214d59

correlation matrix of the fit parameters:
                Tc     beta   
Tc              1.000 
<<<<<<< HEAD
beta            0.879  1.000 
=======
beta            0.185  1.000 


*******************************************************************************
Tue Nov 26 16:45:24 2024


FIT:    data read from "output" u 1:2
        format = x:z
        #datapoints = 24
        residuals are weighted equally (unit weight)

function used for fitting: m(x)
	m(x)=x<Tc? (1-(x/Tc))**beta:0.0
fitted parameters initialized with current variable values

iter      chisq       delta/lim  lambda   Tc            beta         
   0 1.9835451761e-01   0.00e+00  1.38e+01    7.000000e+01   3.400000e-01
  22 4.2925374698e-02  -9.83e-01  1.38e+01    7.001569e+01   5.287941e-01

After 22 iterations the fit converged.
final sum of squares of residuals : 0.0429254
rel. change during last iteration : -9.82517e-06

degrees of freedom    (FIT_NDF)                        : 22
rms of residuals      (FIT_STDFIT) = sqrt(WSSR/ndf)    : 0.0441719
variance of residuals (reduced chisquare) = WSSR/ndf   : 0.00195115

Final set of parameters            Asymptotic Standard Error
=======================            ==========================
Tc              = 70.0157          +/- 0.1824       (0.2605%)
beta            = 0.528794         +/- 0.02542      (4.807%)

correlation matrix of the fit parameters:
                Tc     beta   
Tc              1.000 
beta            0.185  1.000 


*******************************************************************************
Tue Nov 26 16:46:16 2024


FIT:    data read from "output" u 1:2
        format = x:z
        #datapoints = 5
        residuals are weighted equally (unit weight)

function used for fitting: m(x)
	m(x)=x<Tc? (1-(x/Tc))**beta:0.0
fitted parameters initialized with current variable values

iter      chisq       delta/lim  lambda   Tc            beta         
   0 2.1240343236e-05   0.00e+00  1.21e-02    7.000000e+01   3.400000e-01
   6 6.8438250435e-09  -1.59e-01  1.21e-08    5.025695e+01   2.833068e-01

After 6 iterations the fit converged.
final sum of squares of residuals : 6.84383e-09
rel. change during last iteration : -1.59322e-06

degrees of freedom    (FIT_NDF)                        : 3
rms of residuals      (FIT_STDFIT) = sqrt(WSSR/ndf)    : 4.77627e-05
variance of residuals (reduced chisquare) = WSSR/ndf   : 2.28128e-09

Final set of parameters            Asymptotic Standard Error
=======================            ==========================
Tc              = 50.2569          +/- 8.439        (16.79%)
beta            = 0.283307         +/- 0.0492       (17.37%)

correlation matrix of the fit parameters:
                Tc     beta   
Tc              1.000 
beta            1.000  1.000 
>>>>>>> 91b39641e676d8e698b4f2483b44d43fb4214d59


*******************************************************************************
Thu Jan 16 16:44:33 2025


FIT:    data read from "output" u 1:2
        format = x:z
        #datapoints = 8
        residuals are weighted equally (unit weight)

function used for fitting: m(x)
	m(x)=x<Tc? (1-(x/Tc))**beta:0.0
fitted parameters initialized with current variable values

iter      chisq       delta/lim  lambda   Tc            beta         
   0 3.8520036866e-04   0.00e+00  3.63e-02    7.000000e+01   3.400000e-01
   4 6.0496516387e-07  -3.91e-01  3.63e-06    6.260731e+01   3.611467e-01

After 4 iterations the fit converged.
final sum of squares of residuals : 6.04965e-07
rel. change during last iteration : -3.90622e-06

degrees of freedom    (FIT_NDF)                        : 6
rms of residuals      (FIT_STDFIT) = sqrt(WSSR/ndf)    : 0.000317534
variance of residuals (reduced chisquare) = WSSR/ndf   : 1.00828e-07

Final set of parameters            Asymptotic Standard Error
=======================            ==========================
Tc              = 62.6073          +/- 4.084        (6.523%)
beta            = 0.361147         +/- 0.02635      (7.297%)

correlation matrix of the fit parameters:
                Tc     beta   
Tc              1.000 
beta            0.999  1.000 


*******************************************************************************
Thu Jan 16 17:22:27 2025


FIT:    data read from "output" u 1:2
        format = x:z
        #datapoints = 101
        residuals are weighted equally (unit weight)

function used for fitting: m(x)
	m(x)=x<Tc? (1-(x/Tc))**beta:0.0
fitted parameters initialized with current variable values

iter      chisq       delta/lim  lambda   Tc            beta         
   0 8.9012888966e-01   0.00e+00  6.74e+00    7.000000e+01   3.400000e-01
  14 1.5050453865e-02  -8.31e-01  6.74e+00    6.513024e+01   4.016026e-01

After 14 iterations the fit converged.
final sum of squares of residuals : 0.0150505
rel. change during last iteration : -8.30798e-06

degrees of freedom    (FIT_NDF)                        : 99
rms of residuals      (FIT_STDFIT) = sqrt(WSSR/ndf)    : 0.0123298
variance of residuals (reduced chisquare) = WSSR/ndf   : 0.000152025

Final set of parameters            Asymptotic Standard Error
=======================            ==========================
Tc              = 65.1302          +/- 0.05508      (0.08457%)
beta            = 0.401603         +/- 0.002934     (0.7307%)

correlation matrix of the fit parameters:
                Tc     beta   
Tc              1.000 
beta            0.454  1.000 


*******************************************************************************
Thu Jan 16 22:13:05 2025


FIT:    data read from "output" u 1:2
        format = x:z
        #datapoints = 101
        residuals are weighted equally (unit weight)

function used for fitting: m(x)
	m(x)=x<Tc? (1-(x/Tc))**beta:0.0
fitted parameters initialized with current variable values

iter      chisq       delta/lim  lambda   Tc            beta         
   0 8.9012888966e-01   0.00e+00  6.74e+00    7.000000e+01   3.400000e-01
  14 1.5050453865e-02  -8.31e-01  6.74e+00    6.513024e+01   4.016026e-01

After 14 iterations the fit converged.
final sum of squares of residuals : 0.0150505
rel. change during last iteration : -8.30798e-06

degrees of freedom    (FIT_NDF)                        : 99
rms of residuals      (FIT_STDFIT) = sqrt(WSSR/ndf)    : 0.0123298
variance of residuals (reduced chisquare) = WSSR/ndf   : 0.000152025

Final set of parameters            Asymptotic Standard Error
=======================            ==========================
Tc              = 65.1302          +/- 0.05508      (0.08457%)
beta            = 0.401603         +/- 0.002934     (0.7307%)

correlation matrix of the fit parameters:
                Tc     beta   
Tc              1.000 
beta            0.454  1.000 


*******************************************************************************
Thu Jan 16 22:13:40 2025


FIT:    data read from "output" u 1:2
        format = x:z
        #datapoints = 101
        residuals are weighted equally (unit weight)

function used for fitting: m(x)
	m(x)=x<Tc? (1-(x/Tc))**beta:0.0
fitted parameters initialized with current variable values

iter      chisq       delta/lim  lambda   Tc            beta         
   0 8.9012888966e-01   0.00e+00  6.74e+00    7.000000e+01   3.400000e-01
  14 1.5050453865e-02  -8.31e-01  6.74e+00    6.513024e+01   4.016026e-01

After 14 iterations the fit converged.
final sum of squares of residuals : 0.0150505
rel. change during last iteration : -8.30798e-06

degrees of freedom    (FIT_NDF)                        : 99
rms of residuals      (FIT_STDFIT) = sqrt(WSSR/ndf)    : 0.0123298
variance of residuals (reduced chisquare) = WSSR/ndf   : 0.000152025

Final set of parameters            Asymptotic Standard Error
=======================            ==========================
Tc              = 65.1302          +/- 0.05508      (0.08457%)
beta            = 0.401603         +/- 0.002934     (0.7307%)

correlation matrix of the fit parameters:
                Tc     beta   
Tc              1.000 
beta            0.454  1.000 
